TN:
SF:src/collection.ts
FN:12,(anonymous_0)
FN:14,(anonymous_1)
FN:18,(anonymous_2)
FN:22,(anonymous_3)
FN:26,(anonymous_4)
FN:27,(anonymous_5)
FN:31,(anonymous_6)
FN:35,(anonymous_7)
FN:36,(anonymous_8)
FN:62,sortTituloCollection
FN:64,(anonymous_10)
FN:66,(anonymous_11)
FN:72,sortAlbumCollection
FN:74,(anonymous_13)
FN:76,(anonymous_14)
FN:81,sortAlbumYear
FN:83,(anonymous_16)
FN:85,(anonymous_17)
FN:90,sortListenersTotal
FN:92,(anonymous_19)
FN:94,(anonymous_20)
FN:98,sortSingles
FN:100,(anonymous_22)
FNF:23
FNH:3
FNDA:13,(anonymous_0)
FNDA:141,(anonymous_1)
FNDA:0,(anonymous_2)
FNDA:42,(anonymous_3)
FNDA:0,(anonymous_4)
FNDA:0,(anonymous_5)
FNDA:0,(anonymous_6)
FNDA:0,(anonymous_7)
FNDA:0,(anonymous_8)
FNDA:0,sortTituloCollection
FNDA:0,(anonymous_10)
FNDA:0,(anonymous_11)
FNDA:0,sortAlbumCollection
FNDA:0,(anonymous_13)
FNDA:0,(anonymous_14)
FNDA:0,sortAlbumYear
FNDA:0,(anonymous_16)
FNDA:0,(anonymous_17)
FNDA:0,sortListenersTotal
FNDA:0,(anonymous_19)
FNDA:0,(anonymous_20)
FNDA:0,sortSingles
FNDA:0,(anonymous_22)
DA:9,1
DA:11,13
DA:15,141
DA:19,0
DA:23,42
DA:27,0
DA:28,0
DA:32,0
DA:36,0
DA:37,0
DA:43,1
DA:44,1
DA:45,1
DA:46,1
DA:47,1
DA:48,1
DA:62,1
DA:63,0
DA:64,0
DA:66,0
DA:72,1
DA:73,0
DA:74,0
DA:76,0
DA:81,1
DA:82,0
DA:83,0
DA:85,0
DA:90,1
DA:91,0
DA:92,0
DA:94,0
DA:98,1
DA:99,0
DA:100,0
DA:101,0
DA:102,0
DA:105,0
LF:38
LH:15
BRDA:28,0,0,0
BRDA:28,0,1,0
BRDA:62,1,0,0
BRDA:63,2,0,0
BRDA:63,2,1,0
BRDA:64,3,0,0
BRDA:64,3,1,0
BRDA:66,4,0,0
BRDA:66,4,1,0
BRDA:72,5,0,0
BRDA:73,6,0,0
BRDA:73,6,1,0
BRDA:74,7,0,0
BRDA:74,7,1,0
BRDA:76,8,0,0
BRDA:76,8,1,0
BRDA:81,9,0,0
BRDA:82,10,0,0
BRDA:82,10,1,0
BRDA:83,11,0,0
BRDA:83,11,1,0
BRDA:85,12,0,0
BRDA:85,12,1,0
BRDA:90,13,0,0
BRDA:91,14,0,0
BRDA:91,14,1,0
BRDA:92,15,0,0
BRDA:92,15,1,0
BRDA:94,16,0,0
BRDA:94,16,1,0
BRDA:101,17,0,0
BRDA:101,17,1,0
BRF:32
BRH:0
end_of_record
TN:
SF:src/data.ts
FN:18,data
FN:192,(anonymous_1)
FNF:2
FNH:2
FNDA:7,data
FNDA:49,(anonymous_1)
DA:1,1
DA:2,1
DA:3,1
DA:4,1
DA:5,1
DA:6,1
DA:7,1
DA:8,1
DA:18,1
DA:20,7
DA:21,7
DA:22,7
DA:23,7
DA:24,7
DA:25,7
DA:26,7
DA:33,7
DA:34,7
DA:35,7
DA:36,7
DA:44,7
DA:45,7
DA:46,7
DA:47,7
DA:48,7
DA:49,7
DA:50,7
DA:51,7
DA:52,7
DA:53,7
DA:54,7
DA:55,7
DA:56,7
DA:57,7
DA:58,7
DA:59,7
DA:61,7
DA:62,7
DA:63,7
DA:64,7
DA:65,7
DA:66,7
DA:67,7
DA:68,7
DA:70,7
DA:71,7
DA:72,7
DA:73,7
DA:74,7
DA:75,7
DA:76,7
DA:77,7
DA:78,7
DA:79,7
DA:80,7
DA:81,7
DA:82,7
DA:83,7
DA:84,7
DA:86,7
DA:87,7
DA:88,7
DA:89,7
DA:90,7
DA:91,7
DA:92,7
DA:93,7
DA:94,7
DA:95,7
DA:97,7
DA:98,7
DA:99,7
DA:100,7
DA:101,7
DA:102,7
DA:103,7
DA:104,7
DA:105,7
DA:106,7
DA:107,7
DA:108,7
DA:109,7
DA:111,7
DA:112,7
DA:113,7
DA:114,7
DA:115,7
DA:116,7
DA:117,7
DA:118,7
DA:119,7
DA:120,7
DA:121,7
DA:122,7
DA:128,7
DA:129,7
DA:130,7
DA:131,7
DA:132,7
DA:133,7
DA:139,7
DA:140,7
DA:141,7
DA:142,7
DA:143,7
DA:144,7
DA:145,7
DA:154,7
DA:155,7
DA:162,7
DA:163,7
DA:164,7
DA:165,7
DA:166,7
DA:167,7
DA:168,7
DA:169,7
DA:170,7
DA:171,7
DA:173,7
DA:174,7
DA:175,7
DA:181,7
DA:182,7
DA:183,7
DA:184,7
DA:185,7
DA:186,7
DA:192,7
DA:193,49
DA:203,7
DA:205,7
DA:207,7
DA:211,1
LF:134
LH:134
BRF:0
BRH:0
end_of_record
TN:
SF:src/manage.ts
FN:10,(anonymous_0)
FN:25,(anonymous_1)
FN:30,(anonymous_2)
FN:32,(anonymous_3)
FN:34,(anonymous_4)
FN:38,(anonymous_5)
FN:40,(anonymous_6)
FN:42,(anonymous_7)
FN:46,(anonymous_8)
FN:48,(anonymous_9)
FN:50,(anonymous_10)
FN:54,(anonymous_11)
FN:56,(anonymous_12)
FN:58,(anonymous_13)
FN:62,(anonymous_14)
FN:64,(anonymous_15)
FN:66,(anonymous_16)
FN:70,(anonymous_17)
FN:72,(anonymous_18)
FN:74,(anonymous_19)
FNF:20
FNH:3
FNDA:7,(anonymous_0)
FNDA:0,(anonymous_1)
FNDA:7,(anonymous_2)
FNDA:7,(anonymous_3)
FNDA:0,(anonymous_4)
FNDA:0,(anonymous_5)
FNDA:0,(anonymous_6)
FNDA:0,(anonymous_7)
FNDA:0,(anonymous_8)
FNDA:0,(anonymous_9)
FNDA:0,(anonymous_10)
FNDA:0,(anonymous_11)
FNDA:0,(anonymous_12)
FNDA:0,(anonymous_13)
FNDA:0,(anonymous_14)
FNDA:0,(anonymous_15)
FNDA:0,(anonymous_16)
FNDA:0,(anonymous_17)
FNDA:0,(anonymous_18)
FNDA:0,(anonymous_19)
DA:3,1
DA:8,1
DA:10,7
DA:11,7
DA:12,7
DA:26,0
DA:31,7
DA:32,7
DA:34,0
DA:39,0
DA:40,0
DA:42,0
DA:47,0
DA:48,0
DA:50,0
DA:55,0
DA:56,0
DA:58,0
DA:63,0
DA:64,0
DA:66,0
DA:71,0
DA:72,0
DA:74,0
LF:24
LH:7
BRDA:30,0,0,7
BRDA:31,1,0,7
BRDA:31,1,1,0
BRDA:32,2,0,0
BRDA:32,2,1,7
BRDA:34,3,0,0
BRDA:34,3,1,0
BRDA:38,4,0,0
BRDA:39,5,0,0
BRDA:39,5,1,0
BRDA:40,6,0,0
BRDA:40,6,1,0
BRDA:42,7,0,0
BRDA:42,7,1,0
BRDA:46,8,0,0
BRDA:47,9,0,0
BRDA:47,9,1,0
BRDA:48,10,0,0
BRDA:48,10,1,0
BRDA:50,11,0,0
BRDA:50,11,1,0
BRDA:54,12,0,0
BRDA:55,13,0,0
BRDA:55,13,1,0
BRDA:56,14,0,0
BRDA:56,14,1,0
BRDA:58,15,0,0
BRDA:58,15,1,0
BRDA:62,16,0,0
BRDA:63,17,0,0
BRDA:63,17,1,0
BRDA:64,18,0,0
BRDA:64,18,1,0
BRDA:66,19,0,0
BRDA:66,19,1,0
BRDA:70,20,0,0
BRDA:71,21,0,0
BRDA:71,21,1,0
BRDA:72,22,0,0
BRDA:72,22,1,0
BRDA:74,23,0,0
BRDA:74,23,1,0
BRF:42
BRH:3
end_of_record
TN:
SF:src/Basic_Class/album.ts
FN:19,(anonymous_0)
FN:31,(anonymous_1)
FN:39,(anonymous_2)
FN:47,(anonymous_3)
FN:55,(anonymous_4)
FN:63,(anonymous_5)
FNF:6
FNH:5
FNDA:42,(anonymous_0)
FNDA:6,(anonymous_1)
FNDA:6,(anonymous_2)
FNDA:6,(anonymous_3)
FNDA:0,(anonymous_4)
FNDA:6,(anonymous_5)
DA:9,1
DA:19,42
DA:20,42
DA:21,42
DA:22,42
DA:23,42
DA:24,42
DA:32,6
DA:40,6
DA:48,6
DA:56,0
DA:64,6
LF:12
LH:11
BRF:0
BRH:0
end_of_record
TN:
SF:src/Basic_Class/artist.ts
FN:22,(anonymous_0)
FN:32,(anonymous_1)
FN:36,(anonymous_2)
FN:44,(anonymous_3)
FN:52,(anonymous_4)
FN:60,(anonymous_5)
FN:68,(anonymous_6)
FN:76,(anonymous_7)
FN:84,(anonymous_8)
FN:87,(anonymous_9)
FN:98,(anonymous_10)
FN:102,(anonymous_11)
FN:111,(anonymous_12)
FN:115,(anonymous_13)
FN:124,(anonymous_14)
FN:128,(anonymous_15)
FNF:16
FNH:10
FNDA:49,(anonymous_0)
FNDA:6,(anonymous_1)
FNDA:0,(anonymous_2)
FNDA:0,(anonymous_3)
FNDA:6,(anonymous_4)
FNDA:0,(anonymous_5)
FNDA:0,(anonymous_6)
FNDA:6,(anonymous_7)
FNDA:49,(anonymous_8)
FNDA:35,(anonymous_9)
FNDA:28,(anonymous_10)
FNDA:0,(anonymous_11)
FNDA:21,(anonymous_12)
FNDA:0,(anonymous_13)
FNDA:21,(anonymous_14)
FNDA:49,(anonymous_15)
DA:8,1
DA:10,49
DA:11,49
DA:12,49
DA:13,49
DA:22,49
DA:23,49
DA:24,49
DA:25,49
DA:33,6
DA:37,0
DA:45,0
DA:53,6
DA:61,0
DA:69,0
DA:77,6
DA:85,49
DA:86,49
DA:87,28
DA:88,35
DA:91,49
DA:99,28
DA:103,0
DA:112,21
DA:116,0
DA:125,21
DA:129,49
LF:27
LH:21
BRDA:86,0,0,28
BRDA:86,0,1,21
BRF:2
BRH:2
end_of_record
TN:
SF:src/Basic_Class/genre.ts
FN:21,(anonymous_0)
FN:32,(anonymous_1)
FN:40,(anonymous_2)
FN:48,(anonymous_3)
FN:56,(anonymous_4)
FNF:5
FNH:4
FNDA:49,(anonymous_0)
FNDA:7,(anonymous_1)
FNDA:7,(anonymous_2)
FNDA:7,(anonymous_3)
FNDA:0,(anonymous_4)
DA:13,1
DA:21,49
DA:22,49
DA:23,49
DA:24,49
DA:25,49
DA:33,7
DA:41,7
DA:49,7
DA:57,0
LF:10
LH:9
BRF:0
BRH:0
end_of_record
TN:
SF:src/Basic_Class/group.ts
FN:17,(anonymous_0)
FN:29,(anonymous_1)
FN:37,(anonymous_2)
FN:45,(anonymous_3)
FN:53,(anonymous_4)
FN:61,(anonymous_5)
FN:69,(anonymous_6)
FN:77,(anonymous_7)
FNF:8
FNH:7
FNDA:28,(anonymous_0)
FNDA:4,(anonymous_1)
FNDA:4,(anonymous_2)
FNDA:4,(anonymous_3)
FNDA:4,(anonymous_4)
FNDA:0,(anonymous_5)
FNDA:39,(anonymous_6)
FNDA:21,(anonymous_7)
DA:7,1
DA:8,28
DA:17,28
DA:18,28
DA:19,28
DA:20,28
DA:21,28
DA:22,28
DA:30,4
DA:38,4
DA:46,4
DA:54,4
DA:62,0
DA:70,39
DA:78,21
LF:15
LH:14
BRF:0
BRH:0
end_of_record
TN:
SF:src/Basic_Class/playlist.ts
FN:14,(anonymous_0)
FN:26,(anonymous_1)
FN:30,(anonymous_2)
FN:31,(anonymous_3)
FN:37,(anonymous_4)
FN:38,(anonymous_5)
FN:44,(anonymous_6)
FN:45,(anonymous_7)
FN:51,(anonymous_8)
FN:52,(anonymous_9)
FN:61,(anonymous_10)
FN:66,(anonymous_11)
FN:73,(anonymous_12)
FN:81,(anonymous_13)
FNF:14
FNH:3
FNDA:14,(anonymous_0)
FNDA:0,(anonymous_1)
FNDA:14,(anonymous_2)
FNDA:21,(anonymous_3)
FNDA:0,(anonymous_4)
FNDA:0,(anonymous_5)
FNDA:0,(anonymous_6)
FNDA:0,(anonymous_7)
FNDA:0,(anonymous_8)
FNDA:0,(anonymous_9)
FNDA:0,(anonymous_10)
FNDA:0,(anonymous_11)
FNDA:0,(anonymous_12)
FNDA:0,(anonymous_13)
DA:6,1
DA:14,14
DA:15,14
DA:16,14
DA:17,14
DA:18,14
DA:19,14
DA:27,0
DA:31,14
DA:32,21
DA:34,14
DA:38,0
DA:39,0
DA:41,0
DA:45,0
DA:46,0
DA:48,0
DA:52,0
DA:53,0
DA:55,0
DA:62,0
DA:67,0
DA:74,0
DA:82,0
LF:24
LH:10
BRF:0
BRH:0
end_of_record
TN:
SF:src/Basic_Class/song.ts
FN:19,(anonymous_0)
FN:33,(anonymous_1)
FN:43,(anonymous_2)
FN:51,(anonymous_3)
FN:59,(anonymous_4)
FN:67,(anonymous_5)
FN:75,(anonymous_6)
FN:83,(anonymous_7)
FN:91,(anonymous_8)
FNF:9
FNH:8
FNDA:518,(anonymous_0)
FNDA:22,(anonymous_1)
FNDA:0,(anonymous_2)
FNDA:518,(anonymous_3)
FNDA:1,(anonymous_4)
FNDA:1,(anonymous_5)
FNDA:1,(anonymous_6)
FNDA:1,(anonymous_7)
FNDA:1,(anonymous_8)
DA:8,1
DA:18,518
DA:19,518
DA:20,518
DA:21,518
DA:22,518
DA:23,518
DA:24,518
DA:25,518
DA:26,518
DA:34,22
DA:44,0
DA:52,518
DA:60,1
DA:68,1
DA:76,1
DA:84,1
DA:92,1
LF:18
LH:17
BRF:0
BRH:0
end_of_record
